{
  "RSpec": {
    "coverage": {
      "/Users/hugosykes/Makers/final-project/whisper-server2017/spec/features/infrastructure_spec.rb": [
        1,
        null,
        1,
        1,
        1,
        1,
        null,
        null
      ],
      "/Users/hugosykes/Makers/final-project/whisper-server2017/spec/features/new_message_spec.rb": [
        1,
        null,
        1,
        1,
        1,
        2,
        2,
        2,
        null,
        null,
        1,
        1,
        null,
        null,
        1,
        1,
        null,
        null,
        null,
        1,
        1,
        2,
        2,
        2,
        null,
        null,
        1,
        1,
        null,
        null,
        1,
        1,
        null,
        null,
        null
      ],
      "/Users/hugosykes/Makers/final-project/whisper-server2017/spec/features/webSocket_spec.rb": [
        1,
        null,
        1,
        1,
        1,
        1,
        null,
        null,
        1,
        1,
        1,
        null,
        null,
        1,
        1,
        1,
        null,
        null,
        1,
        1,
        1,
        null,
        null,
        1,
        1,
        1,
        1,
        null,
        null,
        1,
        1,
        1,
        1,
        null,
        null,
        1,
        1,
        1,
        1,
        null,
        null,
        1,
        1,
        1,
        1,
        null,
        null
      ],
      "/Users/hugosykes/Makers/final-project/whisper-server2017/spec/json_handler/json_handler_spec.rb": [
        1,
        1,
        null,
        1,
        1,
        1,
        1,
        null,
        null
      ]
    },
    "timestamp": 1512658433
  }
}
